0 info it worked if it ends with ok
1 verbose cli [ '/usr/bin/nodejs', '/usr/bin/npm', 'run', 'stats' ]
2 info using npm@3.5.2
3 info using node@v4.2.6
4 verbose run-script [ 'prestats', 'stats', 'poststats' ]
5 info lifecycle webpack-optimized-boilerplate@0.0.1~prestats: webpack-optimized-boilerplate@0.0.1
6 silly lifecycle webpack-optimized-boilerplate@0.0.1~prestats: no script for prestats, continuing
7 info lifecycle webpack-optimized-boilerplate@0.0.1~stats: webpack-optimized-boilerplate@0.0.1
8 verbose lifecycle webpack-optimized-boilerplate@0.0.1~stats: unsafe-perm in lifecycle true
9 verbose lifecycle webpack-optimized-boilerplate@0.0.1~stats: PATH: /usr/share/npm/bin/node-gyp-bin:/home/dbye/projects/thisweek/webpack-optimized-boilerplate/node_modules/.bin:/home/dbye/bin:/home/dbye/.local/bin:/usr/local/sbin:/usr/local/bin:/usr/sbin:/usr/bin:/sbin:/bin:/usr/games:/usr/local/games:/snap/bin
10 verbose lifecycle webpack-optimized-boilerplate@0.0.1~stats: CWD: /home/dbye/projects/thisweek/webpack-optimized-boilerplate
11 silly lifecycle webpack-optimized-boilerplate@0.0.1~stats: Args: [ '-c', 'webpack' ]
12 info lifecycle webpack-optimized-boilerplate@0.0.1~stats: Failed to exec stats script
13 verbose stack Error: webpack-optimized-boilerplate@0.0.1 stats: `webpack`
13 verbose stack spawn ENOENT
13 verbose stack     at ChildProcess.<anonymous> (/usr/share/npm/lib/utils/spawn.js:17:16)
13 verbose stack     at emitTwo (events.js:87:13)
13 verbose stack     at ChildProcess.emit (events.js:172:7)
13 verbose stack     at maybeClose (internal/child_process.js:821:16)
13 verbose stack     at Process.ChildProcess._handle.onexit (internal/child_process.js:211:5)
14 verbose pkgid webpack-optimized-boilerplate@0.0.1
15 verbose cwd /home/dbye/projects/thisweek/webpack-optimized-boilerplate
16 error Linux 4.8.0-46-generic
17 error argv "/usr/bin/nodejs" "/usr/bin/npm" "run" "stats"
18 error node v4.2.6
19 error npm  v3.5.2
20 error file sh
21 error code ELIFECYCLE
22 error errno ENOENT
23 error syscall spawn
24 error webpack-optimized-boilerplate@0.0.1 stats: `webpack`
24 error spawn ENOENT
25 error Failed at the webpack-optimized-boilerplate@0.0.1 stats script 'webpack'.
25 error Make sure you have the latest version of node.js and npm installed.
25 error If you do, this is most likely a problem with the webpack-optimized-boilerplate package,
25 error not with npm itself.
25 error Tell the author that this fails on your system:
25 error     webpack
25 error You can get information on how to open an issue for this project with:
25 error     npm bugs webpack-optimized-boilerplate
25 error Or if that isn't available, you can get their info via:
25 error     npm owner ls webpack-optimized-boilerplate
25 error There is likely additional logging output above.
26 verbose exit [ 1, true ]
